[12:55:31] [main/INFO]: Setting user: Player738
[12:55:32] [Client thread/INFO]: LWJGL Version: 2.9.1
[12:55:37] [Client thread/INFO]: Reloading ResourceManager: Default, FMLFileResourcePack:Forge Mod Loader, FMLFileResourcePack:Minecraft Forge, FMLFileResourcePack:LetsModReboot
[12:55:37] [Sound Library Loader/INFO]: Sound engine started
[12:55:39] [Client thread/INFO]: Created: 512x256 textures/blocks-atlas
[12:55:39] [Client thread/INFO]: Created: 256x256 textures/items-atlas
[12:55:39] [Client thread/INFO]: Reloading ResourceManager: Default, FMLFileResourcePack:Forge Mod Loader, FMLFileResourcePack:Minecraft Forge, FMLFileResourcePack:LetsModReboot
[12:55:39] [Client thread/INFO]: Created: 256x256 textures/items-atlas
[12:55:39] [Client thread/INFO]: Created: 512x256 textures/blocks-atlas
[12:55:40] [Sound Library Loader/INFO]: Sound engine started
[12:55:46] [Server thread/INFO]: Starting integrated minecraft server version 1.7.10
[12:55:46] [Server thread/INFO]: Generating keypair
[12:55:46] [Server thread/INFO]: Preparing start region for level 0
[12:55:47] [Server thread/INFO]: Changing view distance to 12, from 10
[12:55:48] [Server thread/INFO]: Player738[local:E:ec7ee664] logged in with entity id 325 at (1857.197184218261, 4.0, 441.9394739512794)
[12:55:48] [Server thread/INFO]: Player738 joined the game
[12:55:55] [Server thread/INFO]: Player738 has just earned the achievement [Taking Inventory]
[12:55:55] [Client thread/INFO]: [CHAT] Player738 has just earned the achievement [Taking Inventory]
[12:56:08] [Server thread/INFO]: Saving and pausing game...
[12:56:08] [Server thread/INFO]: Saving chunks for level 'New World'/Overworld
[12:56:08] [Server thread/INFO]: Saving chunks for level 'New World'/Nether
[12:56:08] [Server thread/INFO]: Saving chunks for level 'New World'/The End
[12:56:14] [Server thread/INFO]: Saving and pausing game...
[12:56:14] [Server thread/INFO]: Saving chunks for level 'New World'/Overworld
[12:56:14] [Server thread/INFO]: Saving chunks for level 'New World'/Nether
[12:56:14] [Server thread/INFO]: Saving chunks for level 'New World'/The End
[12:56:33] [Server thread/INFO]: Saving and pausing game...
[12:56:33] [Server thread/INFO]: Saving chunks for level 'New World'/Overworld
[12:56:33] [Server thread/INFO]: Saving chunks for level 'New World'/Nether
[12:56:33] [Server thread/INFO]: Saving chunks for level 'New World'/The End
